2023-09-28T01:42:57.1385007-05:00	INFO	[ApplicationTemplate.Services.IFileService]	[0]	Reading
2023-09-28T02:19:52.8734380-05:00	INFO	[ApplicationTemplate.Services.IFileService]	[0]	Writing
2023-09-28T02:19:54.9435822-05:00	INFO	[ApplicationTemplate.Services.IFileService]	[0]	Reading
2023-09-28T02:43:24.3739072-05:00	INFO	[ApplicationTemplate.Services.IFileService]	[0]	Writing
2023-09-28T02:43:25.9290118-05:00	INFO	[ApplicationTemplate.Services.IFileService]	[0]	Reading
2023-09-28T02:45:24.8491661-05:00	INFO	[ApplicationTemplate.Services.IFileService]	[0]	Writing
2023-09-28T02:45:25.5197483-05:00	INFO	[ApplicationTemplate.Services.IFileService]	[0]	Reading
2023-09-28T03:53:46.6339144-05:00	INFO	[ApplicationTemplate.Services.IFileService]	[0]	Reading
2023-09-28T03:53:49.5570953-05:00	INFO	[ApplicationTemplate.Services.IFileService]	[0]	Writing
2023-09-28T04:52:35.2392761-05:00	INFO	[ApplicationTemplate.Services.IFileService]	[0]	Reading
2023-09-28T17:09:04.5796514-05:00	INFO	[ApplicationTemplate.Services.IFileService]	[0]	Writing
2023-09-28T17:09:05.8028236-05:00	INFO	[ApplicationTemplate.Services.IFileService]	[0]	Reading
2023-12-04T13:21:56.6148938-06:00	INFO	[MovieLibraryEntities.Context.MovieContext]	[0]	info: 12/4/2023 13:21:56.607 CoreEventId.ContextInitialized[10403] (Microsoft.EntityFrameworkCore.Infrastructure) 
      Entity Framework Core 6.0.10 initialized 'MovieContext' using provider 'Microsoft.EntityFrameworkCore.SqlServer:6.0.10' with options: None
2023-12-04T13:21:57.3262545-06:00	INFO	[MovieLibraryEntities.Context.MovieContext]	[0]	fail: 12/4/2023 13:21:57.326 RelationalEventId.ConnectionError[20004] (Microsoft.EntityFrameworkCore.Database.Connection) 
      An error occurred using the connection to database 'databaseName_CRN_studentName' on server 'bitsql.wctc.edu'.
2023-12-04T13:21:57.3457386-06:00	INFO	[MovieLibraryEntities.Context.MovieContext]	[0]	fail: 12/4/2023 13:21:57.345 CoreEventId.QueryIterationFailed[10100] (Microsoft.EntityFrameworkCore.Query) 
      An exception occurred while iterating over the results of a query for context type 'MovieLibraryEntities.Context.MovieContext'.
      Microsoft.Data.SqlClient.SqlException (0x80131904): Login failed for user 'studentName'.
         at Microsoft.Data.SqlClient.TdsParser.ThrowExceptionAndWarning(TdsParserStateObject stateObj, Boolean callerHasConnectionLock, Boolean asyncClose)
         at Microsoft.Data.SqlClient.TdsParser.TryRun(RunBehavior runBehavior, SqlCommand cmdHandler, SqlDataReader dataStream, BulkCopySimpleResultSet bulkCopyHandler, TdsParserStateObject stateObj, Boolean& dataReady)
         at Microsoft.Data.SqlClient.TdsParser.Run(RunBehavior runBehavior, SqlCommand cmdHandler, SqlDataReader dataStream, BulkCopySimpleResultSet bulkCopyHandler, TdsParserStateObject stateObj)
         at Microsoft.Data.SqlClient.SqlInternalConnectionTds.CompleteLogin(Boolean enlistOK)
         at Microsoft.Data.SqlClient.SqlInternalConnectionTds.AttemptOneLogin(ServerInfo serverInfo, String newPassword, SecureString newSecurePassword, Boolean ignoreSniOpenTimeout, TimeoutTimer timeout, Boolean withFailover)
         at Microsoft.Data.SqlClient.SqlInternalConnectionTds.LoginNoFailover(ServerInfo serverInfo, String newPassword, SecureString newSecurePassword, Boolean redirectedUserInstance, SqlConnectionString connectionOptions, SqlCredential credential, TimeoutTimer timeout)
         at Microsoft.Data.SqlClient.SqlInternalConnectionTds.OpenLoginEnlist(TimeoutTimer timeout, SqlConnectionString connectionOptions, SqlCredential credential, String newPassword, SecureString newSecurePassword, Boolean redirectedUserInstance)
         at Microsoft.Data.SqlClient.SqlInternalConnectionTds..ctor(DbConnectionPoolIdentity identity, SqlConnectionString connectionOptions, SqlCredential credential, Object providerInfo, String newPassword, SecureString newSecurePassword, Boolean redirectedUserInstance, SqlConnectionString userConnectionOptions, SessionData reconnectSessionData, Boolean applyTransientFaultHandling, String accessToken, DbConnectionPool pool)
         at Microsoft.Data.SqlClient.SqlConnectionFactory.CreateConnection(DbConnectionOptions options, DbConnectionPoolKey poolKey, Object poolGroupProviderInfo, DbConnectionPool pool, DbConnection owningConnection, DbConnectionOptions userOptions)
         at Microsoft.Data.ProviderBase.DbConnectionFactory.CreatePooledConnection(DbConnectionPool pool, DbConnection owningObject, DbConnectionOptions options, DbConnectionPoolKey poolKey, DbConnectionOptions userOptions)
         at Microsoft.Data.ProviderBase.DbConnectionPool.CreateObject(DbConnection owningObject, DbConnectionOptions userOptions, DbConnectionInternal oldConnection)
         at Microsoft.Data.ProviderBase.DbConnectionPool.UserCreateRequest(DbConnection owningObject, DbConnectionOptions userOptions, DbConnectionInternal oldConnection)
         at Microsoft.Data.ProviderBase.DbConnectionPool.TryGetConnection(DbConnection owningObject, UInt32 waitForMultipleObjectsTimeout, Boolean allowCreate, Boolean onlyOneCheckConnection, DbConnectionOptions userOptions, DbConnectionInternal& connection)
         at Microsoft.Data.ProviderBase.DbConnectionPool.TryGetConnection(DbConnection owningObject, TaskCompletionSource`1 retry, DbConnectionOptions userOptions, DbConnectionInternal& connection)
         at Microsoft.Data.ProviderBase.DbConnectionFactory.TryGetConnection(DbConnection owningConnection, TaskCompletionSource`1 retry, DbConnectionOptions userOptions, DbConnectionInternal oldConnection, DbConnectionInternal& connection)
         at Microsoft.Data.ProviderBase.DbConnectionInternal.TryOpenConnectionInternal(DbConnection outerConnection, DbConnectionFactory connectionFactory, TaskCompletionSource`1 retry, DbConnectionOptions userOptions)
         at Microsoft.Data.SqlClient.SqlConnection.TryOpen(TaskCompletionSource`1 retry, SqlConnectionOverrides overrides)
         at Microsoft.Data.SqlClient.SqlConnection.Open(SqlConnectionOverrides overrides)
         at Microsoft.EntityFrameworkCore.Storage.RelationalConnection.OpenInternal(Boolean errorsExpected)
         at Microsoft.EntityFrameworkCore.Storage.RelationalConnection.Open(Boolean errorsExpected)
         at Microsoft.EntityFrameworkCore.Storage.RelationalCommand.ExecuteReader(RelationalCommandParameterObject parameterObject)
         at Microsoft.EntityFrameworkCore.Query.Internal.SingleQueryingEnumerable`1.Enumerator.InitializeReader(Enumerator enumerator)
         at Microsoft.EntityFrameworkCore.SqlServer.Storage.Internal.SqlServerExecutionStrategy.Execute[TState,TResult](TState state, Func`3 operation, Func`3 verifySucceeded)
         at Microsoft.EntityFrameworkCore.Query.Internal.SingleQueryingEnumerable`1.Enumerator.MoveNext()
      ClientConnectionId:d99fa8aa-cec9-4962-888a-a528ce1f9e79
      Error Number:18456,State:1,Class:14
2023-12-04T13:22:47.0267653-06:00	INFO	[MovieLibraryEntities.Context.MovieContext]	[0]	info: 12/4/2023 13:22:47.019 CoreEventId.ContextInitialized[10403] (Microsoft.EntityFrameworkCore.Infrastructure) 
      Entity Framework Core 6.0.10 initialized 'MovieContext' using provider 'Microsoft.EntityFrameworkCore.SqlServer:6.0.10' with options: None
2023-12-04T13:22:47.7330832-06:00	INFO	[MovieLibraryEntities.Context.MovieContext]	[0]	info: 12/4/2023 13:22:47.733 RelationalEventId.CommandExecuted[20101] (Microsoft.EntityFrameworkCore.Database.Command) 
      Executed DbCommand (50ms) [Parameters=[], CommandType='Text', CommandTimeout='30']
      SELECT [m].[Id], [m].[ReleaseDate], [m].[Title]
      FROM [Movies] AS [m]
2023-12-04T13:25:36.4802836-06:00	INFO	[MovieLibraryEntities.Context.MovieContext]	[0]	info: 12/4/2023 13:25:36.473 CoreEventId.ContextInitialized[10403] (Microsoft.EntityFrameworkCore.Infrastructure) 
      Entity Framework Core 6.0.10 initialized 'MovieContext' using provider 'Microsoft.EntityFrameworkCore.SqlServer:6.0.10' with options: None
2023-12-04T13:25:37.3189827-06:00	INFO	[MovieLibraryEntities.Context.MovieContext]	[0]	info: 12/4/2023 13:25:37.318 RelationalEventId.CommandExecuted[20101] (Microsoft.EntityFrameworkCore.Database.Command) 
      Executed DbCommand (48ms) [Parameters=[], CommandType='Text', CommandTimeout='30']
      SELECT [m].[Id], [m].[ReleaseDate], [m].[Title]
      FROM [Movies] AS [m]
2023-12-04T13:37:37.9648581-06:00	INFO	[MovieLibraryEntities.Context.MovieContext]	[0]	info: 12/4/2023 13:37:37.958 CoreEventId.ContextInitialized[10403] (Microsoft.EntityFrameworkCore.Infrastructure) 
      Entity Framework Core 6.0.10 initialized 'MovieContext' using provider 'Microsoft.EntityFrameworkCore.SqlServer:6.0.10' with options: None
2023-12-04T13:37:38.7524921-06:00	INFO	[MovieLibraryEntities.Context.MovieContext]	[0]	info: 12/4/2023 13:37:38.752 RelationalEventId.CommandExecuted[20101] (Microsoft.EntityFrameworkCore.Database.Command) 
      Executed DbCommand (83ms) [Parameters=[@__ToLower_0='?' (Size = 4000)], CommandType='Text', CommandTimeout='30']
      SELECT TOP(1) [m].[Id], [m].[ReleaseDate], [m].[Title]
      FROM [Movies] AS [m]
      WHERE (@__ToLower_0 LIKE N'') OR (CHARINDEX(@__ToLower_0, LOWER([m].[Title])) > 0)
2023-12-04T13:38:34.0835684-06:00	INFO	[MovieLibraryEntities.Context.MovieContext]	[0]	info: 12/4/2023 13:38:34.076 CoreEventId.ContextInitialized[10403] (Microsoft.EntityFrameworkCore.Infrastructure) 
      Entity Framework Core 6.0.10 initialized 'MovieContext' using provider 'Microsoft.EntityFrameworkCore.SqlServer:6.0.10' with options: None
2023-12-04T13:38:34.8782317-06:00	INFO	[MovieLibraryEntities.Context.MovieContext]	[0]	info: 12/4/2023 13:38:34.878 RelationalEventId.CommandExecuted[20101] (Microsoft.EntityFrameworkCore.Database.Command) 
      Executed DbCommand (74ms) [Parameters=[@__ToLower_0='?' (Size = 4000)], CommandType='Text', CommandTimeout='30']
      SELECT TOP(1) [m].[Id], [m].[ReleaseDate], [m].[Title]
      FROM [Movies] AS [m]
      WHERE (@__ToLower_0 LIKE N'') OR (CHARINDEX(@__ToLower_0, LOWER([m].[Title])) > 0)
2023-12-04T13:39:24.3360565-06:00	INFO	[MovieLibraryEntities.Context.MovieContext]	[0]	info: 12/4/2023 13:39:24.329 CoreEventId.ContextInitialized[10403] (Microsoft.EntityFrameworkCore.Infrastructure) 
      Entity Framework Core 6.0.10 initialized 'MovieContext' using provider 'Microsoft.EntityFrameworkCore.SqlServer:6.0.10' with options: None
2023-12-04T13:39:25.2066571-06:00	INFO	[MovieLibraryEntities.Context.MovieContext]	[0]	info: 12/4/2023 13:39:25.206 RelationalEventId.CommandExecuted[20101] (Microsoft.EntityFrameworkCore.Database.Command) 
      Executed DbCommand (95ms) [Parameters=[], CommandType='Text', CommandTimeout='30']
      SELECT [m].[Id], [m].[ReleaseDate], [m].[Title]
      FROM [Movies] AS [m]
2023-12-04T13:39:54.5410573-06:00	INFO	[MovieLibraryEntities.Context.MovieContext]	[0]	info: 12/4/2023 13:39:54.534 CoreEventId.ContextInitialized[10403] (Microsoft.EntityFrameworkCore.Infrastructure) 
      Entity Framework Core 6.0.10 initialized 'MovieContext' using provider 'Microsoft.EntityFrameworkCore.SqlServer:6.0.10' with options: None
2023-12-04T13:39:55.1399366-06:00	INFO	[MovieLibraryEntities.Context.MovieContext]	[0]	info: 12/4/2023 13:39:55.139 RelationalEventId.CommandExecuted[20101] (Microsoft.EntityFrameworkCore.Database.Command) 
      Executed DbCommand (51ms) [Parameters=[], CommandType='Text', CommandTimeout='30']
      SELECT [m].[Id], [m].[ReleaseDate], [m].[Title]
      FROM [Movies] AS [m]
2023-12-04T13:40:41.1487368-06:00	INFO	[MovieLibraryEntities.Context.MovieContext]	[0]	info: 12/4/2023 13:40:41.141 CoreEventId.ContextInitialized[10403] (Microsoft.EntityFrameworkCore.Infrastructure) 
      Entity Framework Core 6.0.10 initialized 'MovieContext' using provider 'Microsoft.EntityFrameworkCore.SqlServer:6.0.10' with options: None
2023-12-04T13:40:41.7541017-06:00	INFO	[MovieLibraryEntities.Context.MovieContext]	[0]	info: 12/4/2023 13:40:41.754 RelationalEventId.CommandExecuted[20101] (Microsoft.EntityFrameworkCore.Database.Command) 
      Executed DbCommand (46ms) [Parameters=[], CommandType='Text', CommandTimeout='30']
      SELECT [m].[Id], [m].[ReleaseDate], [m].[Title]
      FROM [Movies] AS [m]
2023-12-04T13:41:11.5166557-06:00	INFO	[MovieLibraryEntities.Context.MovieContext]	[0]	info: 12/4/2023 13:41:11.510 CoreEventId.ContextInitialized[10403] (Microsoft.EntityFrameworkCore.Infrastructure) 
      Entity Framework Core 6.0.10 initialized 'MovieContext' using provider 'Microsoft.EntityFrameworkCore.SqlServer:6.0.10' with options: None
2023-12-04T13:41:12.4176582-06:00	INFO	[MovieLibraryEntities.Context.MovieContext]	[0]	info: 12/4/2023 13:41:12.417 RelationalEventId.CommandExecuted[20101] (Microsoft.EntityFrameworkCore.Database.Command) 
      Executed DbCommand (74ms) [Parameters=[@__ToLower_0='?' (Size = 4000)], CommandType='Text', CommandTimeout='30']
      SELECT TOP(1) [m].[Id], [m].[ReleaseDate], [m].[Title]
      FROM [Movies] AS [m]
      WHERE (@__ToLower_0 LIKE N'') OR (CHARINDEX(@__ToLower_0, LOWER([m].[Title])) > 0)
2023-12-04T13:41:17.8761015-06:00	INFO	[MovieLibraryEntities.Context.MovieContext]	[0]	info: 12/4/2023 13:41:17.876 RelationalEventId.CommandExecuted[20101] (Microsoft.EntityFrameworkCore.Database.Command) 
      Executed DbCommand (52ms) [Parameters=[@p0='?' (DbType = Int64)], CommandType='Text', CommandTimeout='30']
      SET NOCOUNT ON;
      DELETE FROM [Movies]
      WHERE [Id] = @p0;
      SELECT @@ROWCOUNT;
2023-12-04T13:41:28.1042167-06:00	INFO	[MovieLibraryEntities.Context.MovieContext]	[0]	info: 12/4/2023 13:41:28.097 CoreEventId.ContextInitialized[10403] (Microsoft.EntityFrameworkCore.Infrastructure) 
      Entity Framework Core 6.0.10 initialized 'MovieContext' using provider 'Microsoft.EntityFrameworkCore.SqlServer:6.0.10' with options: None
2023-12-04T13:41:28.7131540-06:00	INFO	[MovieLibraryEntities.Context.MovieContext]	[0]	info: 12/4/2023 13:41:28.713 RelationalEventId.CommandExecuted[20101] (Microsoft.EntityFrameworkCore.Database.Command) 
      Executed DbCommand (49ms) [Parameters=[], CommandType='Text', CommandTimeout='30']
      SELECT [m].[Id], [m].[ReleaseDate], [m].[Title]
      FROM [Movies] AS [m]
2023-12-04T13:41:38.0539506-06:00	INFO	[MovieLibraryEntities.Context.MovieContext]	[0]	info: 12/4/2023 13:41:38.047 CoreEventId.ContextInitialized[10403] (Microsoft.EntityFrameworkCore.Infrastructure) 
      Entity Framework Core 6.0.10 initialized 'MovieContext' using provider 'Microsoft.EntityFrameworkCore.SqlServer:6.0.10' with options: None
2023-12-04T13:41:38.6584904-06:00	INFO	[MovieLibraryEntities.Context.MovieContext]	[0]	info: 12/4/2023 13:41:38.658 RelationalEventId.CommandExecuted[20101] (Microsoft.EntityFrameworkCore.Database.Command) 
      Executed DbCommand (51ms) [Parameters=[], CommandType='Text', CommandTimeout='30']
      SELECT [m].[Id], [m].[ReleaseDate], [m].[Title]
      FROM [Movies] AS [m]
2023-12-04T13:42:35.6944733-06:00	INFO	[MovieLibraryEntities.Context.MovieContext]	[0]	info: 12/4/2023 13:42:35.687 CoreEventId.ContextInitialized[10403] (Microsoft.EntityFrameworkCore.Infrastructure) 
      Entity Framework Core 6.0.10 initialized 'MovieContext' using provider 'Microsoft.EntityFrameworkCore.SqlServer:6.0.10' with options: None
2023-12-04T13:42:36.2998532-06:00	INFO	[MovieLibraryEntities.Context.MovieContext]	[0]	info: 12/4/2023 13:42:36.299 RelationalEventId.CommandExecuted[20101] (Microsoft.EntityFrameworkCore.Database.Command) 
      Executed DbCommand (46ms) [Parameters=[], CommandType='Text', CommandTimeout='30']
      SELECT [m].[Id], [m].[ReleaseDate], [m].[Title]
      FROM [Movies] AS [m]
2023-12-04T13:43:29.6120006-06:00	INFO	[MovieLibraryEntities.Context.MovieContext]	[0]	info: 12/4/2023 13:43:29.605 CoreEventId.ContextInitialized[10403] (Microsoft.EntityFrameworkCore.Infrastructure) 
      Entity Framework Core 6.0.10 initialized 'MovieContext' using provider 'Microsoft.EntityFrameworkCore.SqlServer:6.0.10' with options: None
2023-12-04T13:43:30.6640148-06:00	INFO	[MovieLibraryEntities.Context.MovieContext]	[0]	info: 12/4/2023 13:43:30.663 RelationalEventId.CommandExecuted[20101] (Microsoft.EntityFrameworkCore.Database.Command) 
      Executed DbCommand (102ms) [Parameters=[@p0='?' (DbType = DateTime2), @p1='?' (Size = 4000)], CommandType='Text', CommandTimeout='30']
      SET NOCOUNT ON;
      INSERT INTO [Movies] ([ReleaseDate], [Title])
      VALUES (@p0, @p1);
      SELECT [Id]
      FROM [Movies]
      WHERE @@ROWCOUNT = 1 AND [Id] = scope_identity();
2023-12-04T13:43:41.3774547-06:00	INFO	[MovieLibraryEntities.Context.MovieContext]	[0]	info: 12/4/2023 13:43:41.370 CoreEventId.ContextInitialized[10403] (Microsoft.EntityFrameworkCore.Infrastructure) 
      Entity Framework Core 6.0.10 initialized 'MovieContext' using provider 'Microsoft.EntityFrameworkCore.SqlServer:6.0.10' with options: None
2023-12-04T13:43:42.3236796-06:00	INFO	[MovieLibraryEntities.Context.MovieContext]	[0]	info: 12/4/2023 13:43:42.323 RelationalEventId.CommandExecuted[20101] (Microsoft.EntityFrameworkCore.Database.Command) 
      Executed DbCommand (125ms) [Parameters=[], CommandType='Text', CommandTimeout='30']
      SELECT [m].[Id], [m].[ReleaseDate], [m].[Title]
      FROM [Movies] AS [m]
2023-12-04T13:43:57.6793549-06:00	INFO	[MovieLibraryEntities.Context.MovieContext]	[0]	info: 12/4/2023 13:43:57.672 CoreEventId.ContextInitialized[10403] (Microsoft.EntityFrameworkCore.Infrastructure) 
      Entity Framework Core 6.0.10 initialized 'MovieContext' using provider 'Microsoft.EntityFrameworkCore.SqlServer:6.0.10' with options: None
2023-12-04T13:43:58.4686247-06:00	INFO	[MovieLibraryEntities.Context.MovieContext]	[0]	info: 12/4/2023 13:43:58.468 RelationalEventId.CommandExecuted[20101] (Microsoft.EntityFrameworkCore.Database.Command) 
      Executed DbCommand (74ms) [Parameters=[@__ToLower_0='?' (Size = 4000)], CommandType='Text', CommandTimeout='30']
      SELECT TOP(1) [m].[Id], [m].[ReleaseDate], [m].[Title]
      FROM [Movies] AS [m]
      WHERE (@__ToLower_0 LIKE N'') OR (CHARINDEX(@__ToLower_0, LOWER([m].[Title])) > 0)
2023-12-04T13:44:14.7467699-06:00	INFO	[MovieLibraryEntities.Context.MovieContext]	[0]	info: 12/4/2023 13:44:14.740 CoreEventId.ContextInitialized[10403] (Microsoft.EntityFrameworkCore.Infrastructure) 
      Entity Framework Core 6.0.10 initialized 'MovieContext' using provider 'Microsoft.EntityFrameworkCore.SqlServer:6.0.10' with options: None
2023-12-04T13:44:15.8711213-06:00	INFO	[MovieLibraryEntities.Context.MovieContext]	[0]	info: 12/4/2023 13:44:15.871 RelationalEventId.CommandExecuted[20101] (Microsoft.EntityFrameworkCore.Database.Command) 
      Executed DbCommand (154ms) [Parameters=[@__ToLower_0='?' (Size = 4000)], CommandType='Text', CommandTimeout='30']
      SELECT TOP(1) [m].[Id], [m].[ReleaseDate], [m].[Title]
      FROM [Movies] AS [m]
      WHERE (@__ToLower_0 LIKE N'') OR (CHARINDEX(@__ToLower_0, LOWER([m].[Title])) > 0)
2023-12-04T13:44:31.3839649-06:00	INFO	[MovieLibraryEntities.Context.MovieContext]	[0]	info: 12/4/2023 13:44:31.377 CoreEventId.ContextInitialized[10403] (Microsoft.EntityFrameworkCore.Infrastructure) 
      Entity Framework Core 6.0.10 initialized 'MovieContext' using provider 'Microsoft.EntityFrameworkCore.SqlServer:6.0.10' with options: None
2023-12-04T13:44:32.1507567-06:00	INFO	[MovieLibraryEntities.Context.MovieContext]	[0]	info: 12/4/2023 13:44:32.150 RelationalEventId.CommandExecuted[20101] (Microsoft.EntityFrameworkCore.Database.Command) 
      Executed DbCommand (73ms) [Parameters=[@__ToLower_0='?' (Size = 4000)], CommandType='Text', CommandTimeout='30']
      SELECT TOP(1) [m].[Id], [m].[ReleaseDate], [m].[Title]
      FROM [Movies] AS [m]
      WHERE (@__ToLower_0 LIKE N'') OR (CHARINDEX(@__ToLower_0, LOWER([m].[Title])) > 0)
2023-12-04T13:44:46.3871672-06:00	INFO	[MovieLibraryEntities.Context.MovieContext]	[0]	info: 12/4/2023 13:44:46.380 CoreEventId.ContextInitialized[10403] (Microsoft.EntityFrameworkCore.Infrastructure) 
      Entity Framework Core 6.0.10 initialized 'MovieContext' using provider 'Microsoft.EntityFrameworkCore.SqlServer:6.0.10' with options: None
2023-12-04T13:44:47.1664116-06:00	INFO	[MovieLibraryEntities.Context.MovieContext]	[0]	info: 12/4/2023 13:44:47.166 RelationalEventId.CommandExecuted[20101] (Microsoft.EntityFrameworkCore.Database.Command) 
      Executed DbCommand (79ms) [Parameters=[@__ToLower_0='?' (Size = 4000)], CommandType='Text', CommandTimeout='30']
      SELECT TOP(1) [m].[Id], [m].[ReleaseDate], [m].[Title]
      FROM [Movies] AS [m]
      WHERE (@__ToLower_0 LIKE N'') OR (CHARINDEX(@__ToLower_0, LOWER([m].[Title])) > 0)
2023-12-04T13:44:52.3045992-06:00	INFO	[MovieLibraryEntities.Context.MovieContext]	[0]	info: 12/4/2023 13:44:52.304 RelationalEventId.CommandExecuted[20101] (Microsoft.EntityFrameworkCore.Database.Command) 
      Executed DbCommand (72ms) [Parameters=[@p0='?' (DbType = Int64)], CommandType='Text', CommandTimeout='30']
      SET NOCOUNT ON;
      DELETE FROM [Movies]
      WHERE [Id] = @p0;
      SELECT @@ROWCOUNT;
